  stdafx.cpp
  BinaryExpression.cpp
  Expression.cpp
  ProjetCPLUSPLUS.cpp
c:\users\temp\desktop\mr.perronne\projetcplusplus-master\projetcplusplus-master\projetcplusplus\binaryexpressionmodel.h(13): error C2143: erreur de syntaxe : absence de ')' avant '*='
  c:\users\temp\desktop\mr.perronne\projetcplusplus-master\projetcplusplus-master\projetcplusplus\binaryexpressionmodel.h(22): note: voir la référence à l'instanciation de classe modèle 'core::BinaryExpressionModel<T>' en cours de compilation
c:\users\temp\desktop\mr.perronne\projetcplusplus-master\projetcplusplus-master\projetcplusplus\binaryexpressionmodel.h(13): error C2143: erreur de syntaxe : absence de ';' avant '*='
c:\users\temp\desktop\mr.perronne\projetcplusplus-master\projetcplusplus-master\projetcplusplus\binaryexpressionmodel.h(13): error C2059: erreur de syntaxe : '*='
c:\users\temp\desktop\mr.perronne\projetcplusplus-master\projetcplusplus-master\projetcplusplus\binaryexpressionmodel.h(13): error C2059: erreur de syntaxe : ')'
c:\users\temp\desktop\mr.perronne\projetcplusplus-master\projetcplusplus-master\projetcplusplus\binaryexpressionmodel.h(13): error C2238: jetons inattendus avant ';'
c:\users\temp\desktop\mr.perronne\projetcplusplus-master\projetcplusplus-master\projetcplusplus\binaryexpressionmodel.h(32): error C2244: 'core::BinaryExpressionModel<T>::BinaryExpressionModel' : impossible de faire correspondre la définition de fonction avec une déclaration existante
  c:\users\temp\desktop\mr.perronne\projetcplusplus-master\projetcplusplus-master\projetcplusplus\binaryexpressionmodel.h(31): note: voir la déclaration de 'core::BinaryExpressionModel<T>::BinaryExpressionModel'
  c:\users\temp\desktop\mr.perronne\projetcplusplus-master\projetcplusplus-master\projetcplusplus\binaryexpressionmodel.h(32): note: définition
  c:\users\temp\desktop\mr.perronne\projetcplusplus-master\projetcplusplus-master\projetcplusplus\binaryexpressionmodel.h(32): note: 'core::BinaryExpressionModel<T>::BinaryExpressionModel(core::BinaryExpression<T> *,core::Expression<T> *,core::Expression<T> *)'
  c:\users\temp\desktop\mr.perronne\projetcplusplus-master\projetcplusplus-master\projetcplusplus\binaryexpressionmodel.h(32): note: déclarations existantes
  c:\users\temp\desktop\mr.perronne\projetcplusplus-master\projetcplusplus-master\projetcplusplus\binaryexpressionmodel.h(32): note: 'core::BinaryExpressionModel<T>::BinaryExpressionModel(core::BinaryExpression<T>)'
  c:\users\temp\desktop\mr.perronne\projetcplusplus-master\projetcplusplus-master\projetcplusplus\binaryexpressionmodel.h(32): note: 'core::BinaryExpressionModel<T>::BinaryExpressionModel(void)'
  UnaryExpression.cpp
  ValueModel.cpp
  Génération de code en cours...
